<?xml version="1.0" encoding="UTF-8"?>
<coverage generated="1726987733851" clover="3.2.0">
  <project timestamp="1726987733851" name="All files">
    <metrics statements="36" coveredstatements="36" conditionals="20" coveredconditionals="19" methods="6" coveredmethods="6" elements="62" coveredelements="61" complexity="0" loc="36" ncloc="36" packages="1" files="2" classes="2"/>
    <file name="gendifflogic.js" path="/home/ilya/Рабочий стол/GITHUB THINGS/frontend-project-46/src/gendifflogic.js">
      <metrics statements="26" coveredstatements="26" conditionals="16" coveredconditionals="15" methods="4" coveredmethods="4"/>
      <line num="4" count="1" type="stmt"/>
      <line num="5" count="5" type="stmt"/>
      <line num="6" count="12" type="cond" truecount="4" falsecount="0"/>
      <line num="7" count="9" type="cond" truecount="4" falsecount="0"/>
      <line num="8" count="3" type="stmt"/>
      <line num="9" count="3" type="stmt"/>
      <line num="10" count="6" type="cond" truecount="2" falsecount="0"/>
      <line num="11" count="3" type="stmt"/>
      <line num="13" count="3" type="stmt"/>
      <line num="14" count="3" type="stmt"/>
      <line num="16" count="3" type="cond" truecount="2" falsecount="0"/>
      <line num="17" count="2" type="stmt"/>
      <line num="18" count="1" type="cond" truecount="1" falsecount="1"/>
      <line num="19" count="1" type="stmt"/>
      <line num="21" count="12" type="stmt"/>
      <line num="24" count="5" type="stmt"/>
      <line num="27" count="1" type="stmt"/>
      <line num="28" count="2" type="stmt"/>
      <line num="29" count="2" type="stmt"/>
      <line num="30" count="2" type="stmt"/>
      <line num="32" count="2" type="stmt"/>
      <line num="34" count="2" type="stmt"/>
      <line num="35" count="12" type="stmt"/>
      <line num="36" count="12" type="cond" truecount="2" falsecount="0"/>
      <line num="37" count="12" type="stmt"/>
      <line num="39" count="2" type="stmt"/>
    </file>
    <file name="parse.js" path="/home/ilya/Рабочий стол/GITHUB THINGS/frontend-project-46/src/parse.js">
      <metrics statements="10" coveredstatements="10" conditionals="4" coveredconditionals="4" methods="2" coveredmethods="2"/>
      <line num="5" count="1" type="stmt"/>
      <line num="6" count="7" type="stmt"/>
      <line num="7" count="7" type="stmt"/>
      <line num="8" count="7" type="stmt"/>
      <line num="10" count="7" type="stmt"/>
      <line num="11" count="7" type="cond" truecount="4" falsecount="0"/>
      <line num="13" count="3" type="stmt"/>
      <line num="16" count="3" type="stmt"/>
      <line num="18" count="1" type="stmt"/>
      <line num="22" count="7" type="stmt"/>
    </file>
  </project>
</coverage>
