{"/home/ilya/Рабочий стол/GITHUB THINGS/frontend-project-46/src/gendifflogic.js": {"path":"/home/ilya/Рабочий стол/GITHUB THINGS/frontend-project-46/src/gendifflogic.js","statementMap":{"0":{"start":{"line":4,"column":22},"end":{"line":25,"column":1}},"1":{"start":{"line":5,"column":17},"end":{"line":22,"column":8}},"2":{"start":{"line":6,"column":4},"end":{"line":20,"column":5}},"3":{"start":{"line":7,"column":6},"end":{"line":15,"column":7}},"4":{"start":{"line":8,"column":29},"end":{"line":8,"column":83}},"5":{"start":{"line":9,"column":8},"end":{"line":9,"column":34}},"6":{"start":{"line":10,"column":13},"end":{"line":15,"column":7}},"7":{"start":{"line":11,"column":8},"end":{"line":11,"column":43}},"8":{"start":{"line":13,"column":8},"end":{"line":13,"column":43}},"9":{"start":{"line":14,"column":8},"end":{"line":14,"column":43}},"10":{"start":{"line":16,"column":11},"end":{"line":20,"column":5}},"11":{"start":{"line":17,"column":6},"end":{"line":17,"column":41}},"12":{"start":{"line":18,"column":11},"end":{"line":20,"column":5}},"13":{"start":{"line":19,"column":6},"end":{"line":19,"column":41}},"14":{"start":{"line":21,"column":4},"end":{"line":21,"column":15}},"15":{"start":{"line":24,"column":2},"end":{"line":24,"column":16}},"16":{"start":{"line":27,"column":16},"end":{"line":40,"column":1}},"17":{"start":{"line":28,"column":22},"end":{"line":28,"column":38}},"18":{"start":{"line":29,"column":22},"end":{"line":29,"column":38}},"19":{"start":{"line":30,"column":24},"end":{"line":30,"column":73}},"20":{"start":{"line":32,"column":17},"end":{"line":32,"column":71}},"21":{"start":{"line":34,"column":23},"end":{"line":38,"column":4}},"22":{"start":{"line":35,"column":16},"end":{"line":35,"column":56}},"23":{"start":{"line":36,"column":17},"end":{"line":36,"column":57}},"24":{"start":{"line":37,"column":4},"end":{"line":37,"column":28}},"25":{"start":{"line":39,"column":2},"end":{"line":39,"column":33}}},"fnMap":{"0":{"name":"(anonymous_0)","decl":{"start":{"line":4,"column":22},"end":{"line":4,"column":23}},"loc":{"start":{"line":4,"column":50},"end":{"line":25,"column":1}},"line":4},"1":{"name":"(anonymous_1)","decl":{"start":{"line":5,"column":35},"end":{"line":5,"column":36}},"loc":{"start":{"line":5,"column":49},"end":{"line":22,"column":3}},"line":5},"2":{"name":"(anonymous_2)","decl":{"start":{"line":27,"column":16},"end":{"line":27,"column":17}},"loc":{"start":{"line":27,"column":34},"end":{"line":40,"column":1}},"line":27},"3":{"name":"(anonymous_3)","decl":{"start":{"line":34,"column":40},"end":{"line":34,"column":41}},"loc":{"start":{"line":34,"column":50},"end":{"line":38,"column":3}},"line":34}},"branchMap":{"0":{"loc":{"start":{"line":6,"column":4},"end":{"line":20,"column":5}},"type":"if","locations":[{"start":{"line":6,"column":4},"end":{"line":20,"column":5}},{"start":{"line":16,"column":11},"end":{"line":20,"column":5}}],"line":6},"1":{"loc":{"start":{"line":6,"column":8},"end":{"line":6,"column":44}},"type":"binary-expr","locations":[{"start":{"line":6,"column":8},"end":{"line":6,"column":24}},{"start":{"line":6,"column":28},"end":{"line":6,"column":44}}],"line":6},"2":{"loc":{"start":{"line":7,"column":6},"end":{"line":15,"column":7}},"type":"if","locations":[{"start":{"line":7,"column":6},"end":{"line":15,"column":7}},{"start":{"line":10,"column":13},"end":{"line":15,"column":7}}],"line":7},"3":{"loc":{"start":{"line":7,"column":10},"end":{"line":7,"column":56}},"type":"binary-expr","locations":[{"start":{"line":7,"column":10},"end":{"line":7,"column":31}},{"start":{"line":7,"column":35},"end":{"line":7,"column":56}}],"line":7},"4":{"loc":{"start":{"line":10,"column":13},"end":{"line":15,"column":7}},"type":"if","locations":[{"start":{"line":10,"column":13},"end":{"line":15,"column":7}},{"start":{"line":12,"column":13},"end":{"line":15,"column":7}}],"line":10},"5":{"loc":{"start":{"line":16,"column":11},"end":{"line":20,"column":5}},"type":"if","locations":[{"start":{"line":16,"column":11},"end":{"line":20,"column":5}},{"start":{"line":18,"column":11},"end":{"line":20,"column":5}}],"line":16},"6":{"loc":{"start":{"line":18,"column":11},"end":{"line":20,"column":5}},"type":"if","locations":[{"start":{"line":18,"column":11},"end":{"line":20,"column":5}},{"start":{},"end":{}}],"line":18},"7":{"loc":{"start":{"line":36,"column":17},"end":{"line":36,"column":57}},"type":"cond-expr","locations":[{"start":{"line":36,"column":40},"end":{"line":36,"column":47}},{"start":{"line":36,"column":50},"end":{"line":36,"column":57}}],"line":36}},"s":{"0":1,"1":5,"2":12,"3":9,"4":3,"5":3,"6":6,"7":3,"8":3,"9":3,"10":3,"11":2,"12":1,"13":1,"14":12,"15":5,"16":1,"17":2,"18":2,"19":2,"20":2,"21":2,"22":12,"23":12,"24":12,"25":2},"f":{"0":5,"1":12,"2":2,"3":12},"b":{"0":[9,3],"1":[12,11],"2":[3,6],"3":[9,3],"4":[3,3],"5":[2,1],"6":[1,0],"7":[5,7]},"_coverageSchema":"1a1c01bbd47fc00a2c39e90264f33305004495a9","hash":"a94eed36b2db8a0a17233356d5843292d4ae03f2"}
,"/home/ilya/Рабочий стол/GITHUB THINGS/frontend-project-46/src/parse.js": {"path":"/home/ilya/Рабочий стол/GITHUB THINGS/frontend-project-46/src/parse.js","statementMap":{"0":{"start":{"line":5,"column":18},"end":{"line":23,"column":1}},"1":{"start":{"line":6,"column":23},"end":{"line":6,"column":60}},"2":{"start":{"line":7,"column":22},"end":{"line":7,"column":60}},"3":{"start":{"line":8,"column":24},"end":{"line":8,"column":50}},"4":{"start":{"line":10,"column":21},"end":{"line":20,"column":6}},"5":{"start":{"line":11,"column":4},"end":{"line":19,"column":5}},"6":{"start":{"line":13,"column":8},"end":{"line":13,"column":39}},"7":{"start":{"line":16,"column":8},"end":{"line":16,"column":39}},"8":{"start":{"line":18,"column":8},"end":{"line":18,"column":27}},"9":{"start":{"line":22,"column":2},"end":{"line":22,"column":20}}},"fnMap":{"0":{"name":"(anonymous_0)","decl":{"start":{"line":5,"column":18},"end":{"line":5,"column":19}},"loc":{"start":{"line":5,"column":32},"end":{"line":23,"column":1}},"line":5},"1":{"name":"(anonymous_1)","decl":{"start":{"line":10,"column":22},"end":{"line":10,"column":23}},"loc":{"start":{"line":10,"column":28},"end":{"line":20,"column":3}},"line":10}},"branchMap":{"0":{"loc":{"start":{"line":11,"column":4},"end":{"line":19,"column":5}},"type":"switch","locations":[{"start":{"line":12,"column":6},"end":{"line":13,"column":39}},{"start":{"line":14,"column":6},"end":{"line":14,"column":18}},{"start":{"line":15,"column":6},"end":{"line":16,"column":39}},{"start":{"line":17,"column":6},"end":{"line":18,"column":27}}],"line":11}},"s":{"0":1,"1":7,"2":7,"3":7,"4":7,"5":7,"6":3,"7":3,"8":1,"9":7},"f":{"0":7,"1":7},"b":{"0":[3,3,3,1]},"_coverageSchema":"1a1c01bbd47fc00a2c39e90264f33305004495a9","hash":"7a9b1f0996b51e5bcfc65a469b0f2fd7c96f31d4"}
}
