TN:
SF:src/gendifflogic.js
FN:4,(anonymous_0)
FN:5,(anonymous_1)
FN:27,(anonymous_2)
FN:34,(anonymous_3)
FNF:4
FNH:4
FNDA:5,(anonymous_0)
FNDA:12,(anonymous_1)
FNDA:2,(anonymous_2)
FNDA:12,(anonymous_3)
DA:4,1
DA:5,5
DA:6,12
DA:7,9
DA:8,3
DA:9,3
DA:10,6
DA:11,3
DA:13,3
DA:14,3
DA:16,3
DA:17,2
DA:18,1
DA:19,1
DA:21,12
DA:24,5
DA:27,1
DA:28,2
DA:29,2
DA:30,2
DA:32,2
DA:34,2
DA:35,12
DA:36,12
DA:37,12
DA:39,2
LF:26
LH:26
BRDA:6,0,0,9
BRDA:6,0,1,3
BRDA:6,1,0,12
BRDA:6,1,1,11
BRDA:7,2,0,3
BRDA:7,2,1,6
BRDA:7,3,0,9
BRDA:7,3,1,3
BRDA:10,4,0,3
BRDA:10,4,1,3
BRDA:16,5,0,2
BRDA:16,5,1,1
BRDA:18,6,0,1
BRDA:18,6,1,0
BRDA:36,7,0,5
BRDA:36,7,1,7
BRF:16
BRH:15
end_of_record
TN:
SF:src/parse.js
FN:5,(anonymous_0)
FN:10,(anonymous_1)
FNF:2
FNH:2
FNDA:7,(anonymous_0)
FNDA:7,(anonymous_1)
DA:5,1
DA:6,7
DA:7,7
DA:8,7
DA:10,7
DA:11,7
DA:13,3
DA:16,3
DA:18,1
DA:22,7
LF:10
LH:10
BRDA:11,0,0,3
BRDA:11,0,1,3
BRDA:11,0,2,3
BRDA:11,0,3,1
BRF:4
BRH:4
end_of_record
